<?xml version="1.0" encoding="UTF-8"?>
<!-- Generated by org.testng.reporters.JUnitReportReporter -->
<testsuite hostname="LAPTOP-LV7UKI52" failures="0" tests="2" name="FinalDemo.LoginTestCase" time="8.329" errors="0" timestamp="2022-01-16T11:17:24 IST" skipped="0">
  <testcase classname="FinalDemo.LoginTestCase" name="demo1" time="3.756"/>
  <system-out/>
  <testcase classname="FinalDemo.LoginTestCase" name="demo1" time="4.573"/>
  <system-out/>
</testsuite> <!-- FinalDemo.LoginTestCase -->
